Сборка начата 12.12.2024 16:07:56.
Уровень детализации журнала: Normal.     1>Проект "D:\GitHub\BSTU\course_2\KPO_3\laboratory_work_18\SE_Lab21\laba__20.vcxproj" в узле 2 (целевые объекты Build).
     1>PrepareForBuild:
         Структурированный вывод включен. Форматирование диагностики компилятора будет отражать иерархию ошибок. Подробнее см. https://aka.ms/cpp/structured-output.
       InitializeBuildStatus:
         Создание "SE_Lab18\Debug\SE_Lab18.tlog\unsuccessfulbuild", так как было задано "AlwaysCreate".
         Обращение к "SE_Lab18\Debug\SE_Lab18.tlog\unsuccessfulbuild".
       ClCompile:
         D:\Programs\VisualStudio\VC\Tools\MSVC\14.41.34120\bin\HostX86\x86\CL.exe /c /ZI /JMC /nologo /W3 /WX- /diagnostics:column /sdl /Od /Oy- /D WIN32 /D _DEBUG /D _CONSOLE /D _UNICODE /D UNICODE /Gm- /EHsc /RTC1 /MDd /GS /fp:precise /Zc:wchar_t /Zc:forScope /Zc:inline /permissive- /Fo"SE_Lab18\Debug\\" /Fd"SE_Lab18\Debug\vc143.pdb" /external:W3 /Gd /TP /analyze- /FC /errorReport:prompt GRB.cpp
         GRB.cpp
     1>D:\GitHub\BSTU\course_2\KPO_3\laboratory_work_18\SE_Lab21\LexicalAnalize.h(13,16): warning C4091: static : пропускается слева от "LexAnalize::Flags", когда ни одна переменная не объявлена
         (компиляция исходного файла "GRB.cpp")
         
       Link:
         D:\Programs\VisualStudio\VC\Tools\MSVC\14.41.34120\bin\HostX86\x86\link.exe /ERRORREPORT:PROMPT /OUT:"D:\GitHub\BSTU\course_2\KPO_3\laboratory_work_18\SE_Lab21\Debug\SE_Lab18.exe" /INCREMENTAL /ILK:"SE_Lab18\Debug\SE_Lab18.ilk" /NOLOGO kernel32.lib user32.lib gdi32.lib winspool.lib comdlg32.lib advapi32.lib shell32.lib ole32.lib oleaut32.lib uuid.lib odbc32.lib odbccp32.lib /MANIFEST /MANIFESTUAC:"level='asInvoker' uiAccess='false'" /manifest:embed /DEBUG /PDB:"D:\GitHub\BSTU\course_2\KPO_3\laboratory_work_18\SE_Lab21\Debug\SE_Lab18.pdb" /SUBSYSTEM:CONSOLE /TLBID:1 /DYNAMICBASE /NXCOMPAT /IMPLIB:"D:\GitHub\BSTU\course_2\KPO_3\laboratory_work_18\SE_Lab21\Debug\SE_Lab18.lib" /MACHINE:X86 SE_Lab18\Debug\Control.obj
         SE_Lab18\Debug\Error.obj
         SE_Lab18\Debug\FST.obj
         SE_Lab18\Debug\GRB.obj
         SE_Lab18\Debug\In.obj
         SE_Lab18\Debug\IT.obj
         SE_Lab18\Debug\LexicalAnalize.obj
         SE_Lab18\Debug\Log.obj
         SE_Lab18\Debug\LT.obj
         SE_Lab18\Debug\MFST.obj
         SE_Lab18\Debug\Out.obj
         SE_Lab18\Debug\Parm.obj
         laba__20.vcxproj -> D:\GitHub\BSTU\course_2\KPO_3\laboratory_work_18\SE_Lab21\Debug\SE_Lab18.exe
       FinalizeBuildStatus:
         Файл "SE_Lab18\Debug\SE_Lab18.tlog\unsuccessfulbuild" удаляется.
         Обращение к "SE_Lab18\Debug\SE_Lab18.tlog\SE_Lab18.lastbuildstate".
     1>Сборка проекта "D:\GitHub\BSTU\course_2\KPO_3\laboratory_work_18\SE_Lab21\laba__20.vcxproj" завершена (целевые объекты Build).

Сборка успешно завершена.

       "D:\GitHub\BSTU\course_2\KPO_3\laboratory_work_18\SE_Lab21\laba__20.vcxproj" (целевой объект Build ) (1) ->
       (Целевой объект ClCompile) -> 
         D:\GitHub\BSTU\course_2\KPO_3\laboratory_work_18\SE_Lab21\LexicalAnalize.h(13,16): warning C4091: static : пропускается слева от "LexAnalize::Flags", когда ни одна переменная не объявлена

    Предупреждений: 1
    Ошибок: 0

Прошло времени 00:00:02.36
